GPSLocalService/proguard/seeds.txt
android.support.v7.internal.widget.ActionBarView$SavedState
android.support.v7.internal.widget.ActionBarView$SavedState: android.os.Parcelable$Creator CREATOR
android.support.v7.internal.widget.ActivityChooserView
android.support.v7.internal.widget.ActivityChooserView: ActivityChooserView(android.content.Context,android.util.AttributeSet,int)
android.support.v7.internal.widget.CompatTextView
android.support.v7.internal.widget.CompatTextView: CompatTextView(android.content.Context)
android.support.v7.internal.widget.CompatTextView: CompatTextView(android.content.Context,android.util.AttributeSet)
android.support.v7.internal.widget.CompatTextView: CompatTextView(android.content.Context,android.util.AttributeSet,int)
android.support.v7.internal.widget.LinearLayoutICS
android.support.v7.internal.widget.LinearLayoutICS: LinearLayoutICS(android.content.Context,android.util.AttributeSet)
android.support.v7.internal.widget.ListPopupWindow
android.support.v7.internal.widget.ListPopupWindow: ListPopupWindow(android.content.Context,android.util.AttributeSet,int)
android.support.v7.internal.widget.NativeActionModeAwareLayout
android.support.v7.internal.widget.NativeActionModeAwareLayout: NativeActionModeAwareLayout(android.content.Context,android.util.AttributeSet)
android.support.v7.internal.widget.ProgressBarICS
android.support.v7.internal.widget.ProgressBarICS$SavedState
android.support.v7.internal.widget.ProgressBarICS$SavedState: android.os.Parcelable$Creator CREATOR
android.support.v7.internal.widget.ScrollingTabContainerView
android.support.v7.internal.widget.ScrollingTabContainerView$TabView
android.support.v7.internal.widget.ScrollingTabContainerView$TabView: ScrollingTabContainerView$TabView(android.content.Context,android.util.AttributeSet)
android.support.v7.widget.SearchView
android.support.v7.widget.SearchView$SearchAutoComplete
android.support.v7.widget.SearchView$SearchAutoComplete: SearchView$SearchAutoComplete(android.content.Context)
android.support.v7.widget.SearchView$SearchAutoComplete: SearchView$SearchAutoComplete(android.content.Context,android.util.AttributeSet)
android.support.v7.widget.SearchView$SearchAutoComplete: SearchView$SearchAutoComplete(android.content.Context,android.util.AttributeSet,int)
org.osmdroid.ResourceProxy$bitmap: org.osmdroid.ResourceProxy$bitmap[] values()
org.osmdroid.ResourceProxy$bitmap: org.osmdroid.ResourceProxy$bitmap valueOf(java.lang.String)
org.osmdroid.ResourceProxy$string: org.osmdroid.ResourceProxy$string[] values()
org.osmdroid.ResourceProxy$string: org.osmdroid.ResourceProxy$string valueOf(java.lang.String)
org.osmdroid.api.Marker$Anchor: org.osmdroid.api.Marker$Anchor[] values()
org.osmdroid.api.Marker$Anchor: org.osmdroid.api.Marker$Anchor valueOf(java.lang.String)
org.osmdroid.contributor.util.RecordedGeoPoint
org.osmdroid.util.BoundingBoxE6
org.osmdroid.util.BoundingBoxE6: android.os.Parcelable$Creator CREATOR
org.osmdroid.util.GeoPoint
org.osmdroid.util.GeoPoint: android.os.Parcelable$Creator CREATOR
org.osmdroid.views.MapControllerOld$AnimationType: org.osmdroid.views.MapControllerOld$AnimationType[] values()
org.osmdroid.views.MapControllerOld$AnimationType: org.osmdroid.views.MapControllerOld$AnimationType valueOf(java.lang.String)
org.osmdroid.views.MapView
org.osmdroid.views.MapView: MapView(android.content.Context,int,org.osmdroid.ResourceProxy,org.osmdroid.tileprovider.MapTileProviderBase,android.os.Handler,android.util.AttributeSet)
org.osmdroid.views.MapView: MapView(android.content.Context,android.util.AttributeSet)
org.osmdroid.views.MapView: MapView(android.content.Context,int)
org.osmdroid.views.MapView: MapView(android.content.Context,int,org.osmdroid.ResourceProxy)
org.osmdroid.views.MapView: MapView(android.content.Context,int,org.osmdroid.ResourceProxy,org.osmdroid.tileprovider.MapTileProviderBase)
org.osmdroid.views.MapView: MapView(android.content.Context,int,org.osmdroid.ResourceProxy,org.osmdroid.tileprovider.MapTileProviderBase,android.os.Handler)